<?xml version="1.0" encoding="UTF-8"?>
<testsuite name="com.bl.linkedlist.LinkedListMainTest" tests="1" skipped="0" failures="0" errors="0" timestamp="2020-10-10T07:03:51" hostname="LAPTOP-JP0FR8LN" time="0.003">
  <properties/>
  <testcase name="given3NumbersShouldDeleteFromLast" classname="com.bl.linkedlist.LinkedListMainTest" time="0.003"/>
  <system-out><![CDATA[My Nodes: 56->30
2
]]></system-out>
  <system-err><![CDATA[]]></system-err>
</testsuite>
