<?xml version="1.0" encoding="UTF-8"?>
<testsuite name="com.bl.linkedlist.MyBinaryTreeTest" tests="1" skipped="0" failures="0" errors="0" timestamp="2020-10-12T13:05:07" hostname="LAPTOP-JP0FR8LN" time="0.004">
  <properties/>
  <testcase name="givenMoreThanThreeNumbersFormABST" classname="com.bl.linkedlist.MyBinaryTreeTest" time="0.004"/>
  <system-out><![CDATA[3 11 16 22 30 40 56 60 63 65 67 70 95 13
]]></system-out>
  <system-err><![CDATA[]]></system-err>
</testsuite>
