<?xml version="1.0" encoding="UTF-8"?>
<testsuite name="com.bl.linkedlist.MyQueueTest" tests="1" skipped="0" failures="0" errors="0" timestamp="2020-10-10T09:45:19" hostname="LAPTOP-JP0FR8LN" time="0.008">
  <properties/>
  <testcase name="givenNumbersShouldAppendToDequeue" classname="com.bl.linkedlist.MyQueueTest" time="0.008"/>
  <system-out><![CDATA[Size of queue is: 2
]]></system-out>
  <system-err><![CDATA[]]></system-err>
</testsuite>
